<?xml version="1.0" encoding="UTF-8"?>
<!-- Generated by org.testng.reporters.JUnitReportReporter -->
<testsuite skipped="0" hostname="BDC6-DX-6BP8NK2" name="day1_selenium.SoftAss" tests="1" failures="0" timestamp="2019-09-17T15:34:46 IST" time="0.009" errors="0">
  <testcase name="f" time="0.009" classname="day1_selenium.SoftAss"/>
</testsuite> <!-- day1_selenium.SoftAss -->
