<?xml version="1.0" encoding="UTF-8"?>
<!-- Generated by org.testng.reporters.JUnitReportReporter -->
<testsuite skipped="0" hostname="BDC6-DX-6BP8NK2" name="day1_selenium.NewTest3" tests="1" failures="0" timestamp="2019-09-18T08:42:49 IST" time="33.268" errors="0">
  <testcase name="BrowserLaunch" time="33.268" classname="day1_selenium.NewTest3"/>
</testsuite> <!-- day1_selenium.NewTest3 -->
