<?xml version="1.0" encoding="UTF-8"?>
<!-- Generated by org.testng.reporters.JUnitReportReporter -->
<testsuite skipped="0" hostname="BDC6-DX-6BP8NK2" name="day1_selenium.Zday2_Inspect" tests="1" failures="0" timestamp="2019-09-18T10:00:16 IST" time="13.785" errors="0">
  <testcase name="f" time="13.785" classname="day1_selenium.Zday2_Inspect"/>
</testsuite> <!-- day1_selenium.Zday2_Inspect -->
