<?xml version="1.0" encoding="UTF-8"?>
<!-- Generated by org.testng.reporters.JUnitReportReporter -->
<testsuite skipped="0" hostname="BDC6-DX-6BP8NK2" name="day1_selenium.Zday2_Dropdown" tests="1" failures="0" timestamp="2019-09-18T16:17:13 IST" time="26.733" errors="0">
  <testcase name="f" time="26.733" classname="day1_selenium.Zday2_Dropdown"/>
</testsuite> <!-- day1_selenium.Zday2_Dropdown -->
