<?xml version="1.0" encoding="UTF-8"?>
<!-- Generated by org.testng.reporters.JUnitReportReporter -->
<testsuite skipped="0" hostname="BDC6-DX-6BP8NK2" name="day1_selenium.Zday2_webshop" tests="1" failures="0" timestamp="2019-09-18T10:32:11 IST" time="18.780" errors="0">
  <testcase name="f" time="18.780" classname="day1_selenium.Zday2_webshop"/>
</testsuite> <!-- day1_selenium.Zday2_webshop -->
