<?xml version="1.0" encoding="UTF-8"?>
<!-- Generated by org.testng.reporters.JUnitReportReporter -->
<testsuite skipped="0" hostname="BDC6-DX-6BP8NK2" name="day1_selenium.Zday2_MouseHoverActions" tests="1" failures="0" timestamp="2019-09-19T10:11:55 IST" time="37.599" errors="0">
  <testcase name="f" time="37.599" classname="day1_selenium.Zday2_MouseHoverActions"/>
</testsuite> <!-- day1_selenium.Zday2_MouseHoverActions -->
