<?xml version="1.0" encoding="UTF-8"?>
<!-- Generated by org.testng.reporters.JUnitReportReporter -->
<testsuite skipped="1" hostname="BDC6-DX-6BP8NK2" name="day1_selenium.NewTest2" tests="6" failures="0" timestamp="2019-09-17T15:34:46 IST" time="0.011" errors="0">
  <testcase name="NG" time="0.006" classname="day1_selenium.NewTest2"/>
  <testcase name="Homepage" time="0.001" classname="day1_selenium.NewTest2"/>
  <testcase name="Register" time="0.002" classname="day1_selenium.NewTest2"/>
  <testcase name="Nothing" time="0.001" classname="day1_selenium.NewTest2"/>
  <testcase name="Logout" time="0.001" classname="day1_selenium.NewTest2"/>
  <testcase name="Login" classname="day1_selenium.NewTest2">
    <skipped/>
  </testcase> <!-- Login -->
</testsuite> <!-- day1_selenium.NewTest2 -->
