<?xml version="1.0" encoding="UTF-8"?>
<!-- Generated by org.testng.reporters.JUnitReportReporter -->
<testsuite skipped="0" hostname="BDC6-DX-6BP8NK2" name="day1_selenium.Zday2_DragnDrop" tests="1" failures="0" timestamp="2019-09-19T08:56:08 IST" time="29.671" errors="0">
  <testcase name="f" time="29.671" classname="day1_selenium.Zday2_DragnDrop"/>
</testsuite> <!-- day1_selenium.Zday2_DragnDrop -->
