<?xml version="1.0" encoding="UTF-8"?>
<!-- Generated by org.testng.reporters.JUnitReportReporter -->
<testsuite skipped="0" hostname="BDC6-DX-6BP8NK2" name="day1_selenium.NewTest" tests="2" failures="0" timestamp="2019-09-23T14:23:53 IST" time="0.020" errors="0">
  <testcase name="f" time="0.015" classname="day1_selenium.NewTest"/>
  <testcase name="f2" time="0.005" classname="day1_selenium.NewTest"/>
</testsuite> <!-- day1_selenium.NewTest -->
