<?xml version="1.0" encoding="UTF-8"?>
<!-- Generated by org.testng.reporters.JUnitReportReporter -->
<testsuite skipped="0" hostname="BDC6-DX-6BP8NK2" name="day1_selenium.Zday2_Popup" tests="1" failures="0" timestamp="2019-09-18T12:57:40 IST" time="12.556" errors="0">
  <testcase name="f" time="12.556" classname="day1_selenium.Zday2_Popup"/>
</testsuite> <!-- day1_selenium.Zday2_Popup -->
